  stdafx.cpp
  Bullet.cpp
  Game.cpp
d:\cpp_hw\luxoftproject_zmenkovdmitry\src\tanksvs\tanksvs\game.cpp(49): warning C4018: <: несоответствие типов со знаком и без знака
d:\cpp_hw\luxoftproject_zmenkovdmitry\src\tanksvs\tanksvs\game.cpp(127): warning C4018: <: несоответствие типов со знаком и без знака
d:\cpp_hw\luxoftproject_zmenkovdmitry\src\tanksvs\tanksvs\game.cpp(212): warning C4018: <: несоответствие типов со знаком и без знака
d:\cpp_hw\luxoftproject_zmenkovdmitry\src\tanksvs\tanksvs\game.cpp(243): warning C4018: <: несоответствие типов со знаком и без знака
d:\cpp_hw\luxoftproject_zmenkovdmitry\src\tanksvs\tanksvs\game.cpp(245): warning C4018: <: несоответствие типов со знаком и без знака
d:\cpp_hw\luxoftproject_zmenkovdmitry\src\tanksvs\tanksvs\game.cpp(254): warning C4018: <: несоответствие типов со знаком и без знака
d:\cpp_hw\luxoftproject_zmenkovdmitry\src\tanksvs\tanksvs\game.cpp(266): warning C4018: <: несоответствие типов со знаком и без знака
d:\cpp_hw\luxoftproject_zmenkovdmitry\src\tanksvs\tanksvs\game.cpp(272): warning C4018: <: несоответствие типов со знаком и без знака
d:\cpp_hw\luxoftproject_zmenkovdmitry\src\tanksvs\tanksvs\game.cpp(313): warning C4018: <: несоответствие типов со знаком и без знака
d:\cpp_hw\luxoftproject_zmenkovdmitry\src\tanksvs\tanksvs\game.cpp(320): warning C4018: <: несоответствие типов со знаком и без знака
d:\cpp_hw\luxoftproject_zmenkovdmitry\src\tanksvs\tanksvs\game.cpp(385): warning C4018: <: несоответствие типов со знаком и без знака
d:\cpp_hw\luxoftproject_zmenkovdmitry\src\tanksvs\tanksvs\game.cpp(550): warning C4018: <: несоответствие типов со знаком и без знака
d:\cpp_hw\luxoftproject_zmenkovdmitry\src\tanksvs\tanksvs\game.cpp(567): warning C4018: <: несоответствие типов со знаком и без знака
  Tank.cpp
  TanksVS.cpp
  Создание кода...
d:\cpp_hw\luxoftproject_zmenkovdmitry\src\tanksvs\tanksvs\game.cpp(364): warning C4715: Game::convertTo: значение возвращается не при всех путях выполнения
  TanksVS.vcxproj -> D:\cpp_hw\LuxoftProject_ZmenkovDmitry\src\TanksVS\Debug\TanksVS.exe
